<?xml version="1.0" encoding="UTF-8"?>
<testng-results skipped="0" failed="0" total="1" passed="1">
  <reporter-output>
  </reporter-output>
  <suite name="Default suite" duration-ms="12146" started-at="2020-03-18T12:20:27Z" finished-at="2020-03-18T12:20:39Z">
    <groups>
    </groups>
    <test name="Default test" duration-ms="12146" started-at="2020-03-18T12:20:27Z" finished-at="2020-03-18T12:20:39Z">
      <class name="com.Quiz.Maven.QuizAutomationBothcorrectandIncorrectscenario">
        <test-method status="PASS" signature="test()[pri:0, instance:com.Quiz.Maven.QuizAutomationBothcorrectandIncorrectscenario@675d3402]" name="test" duration-ms="12120" started-at="2020-03-18T12:20:27Z" finished-at="2020-03-18T12:20:39Z">
          <reporter-output>
          </reporter-output>
        </test-method> <!-- test -->
      </class> <!-- com.Quiz.Maven.QuizAutomationBothcorrectandIncorrectscenario -->
    </test> <!-- Default test -->
  </suite> <!-- Default suite -->
</testng-results>
